TN:
SF:src/services/ConnectionsService.ts
FN:1,(empty-report)
FNF:1
FNH:0
FNDA:0,(empty-report)
DA:1,0
DA:2,0
DA:3,0
DA:4,0
DA:5,0
DA:6,0
DA:7,0
DA:8,0
DA:9,0
DA:10,0
DA:11,0
DA:12,0
DA:13,0
DA:14,0
DA:15,0
DA:16,0
DA:17,0
DA:18,0
DA:19,0
DA:20,0
DA:21,0
DA:22,0
DA:23,0
DA:24,0
DA:25,0
DA:26,0
DA:27,0
DA:28,0
DA:29,0
DA:30,0
DA:31,0
DA:32,0
DA:33,0
DA:34,0
DA:35,0
DA:36,0
DA:37,0
DA:38,0
DA:39,0
DA:40,0
DA:41,0
DA:42,0
DA:43,0
DA:44,0
DA:45,0
DA:46,0
LF:46
LH:0
BRDA:1,0,0,0
BRF:1
BRH:0
end_of_record
TN:
SF:src/services/MessagesService.ts
FN:1,(empty-report)
FN:16,MessagesService
FN:22,Object.<anonymous>.MessagesService.create
FN:26,Object.<anonymous>.MessagesService.listByUser
FNF:4
FNH:2
FNDA:0,(empty-report)
FNDA:1,MessagesService
FNDA:1,Object.<anonymous>.MessagesService.create
FNDA:0,Object.<anonymous>.MessagesService.listByUser
DA:1,0
DA:2,0
DA:3,0
DA:4,0
DA:5,0
DA:6,0
DA:7,0
DA:8,0
DA:9,0
DA:10,0
DA:11,0
DA:12,0
DA:13,0
DA:14,1
DA:15,1
DA:16,1
DA:17,1
DA:18,1
DA:19,1
DA:20,1
DA:21,1
DA:22,1
DA:23,1
DA:24,1
DA:25,1
DA:26,1
DA:27,0
DA:28,0
DA:29,1
DA:30,0
DA:31,0
LF:31
LH:14
BRDA:1,0,0,0
BRDA:14,1,0,1
BRDA:16,2,0,1
BRDA:22,3,0,1
BRDA:23,4,0,1
BRDA:23,5,0,1
BRF:6
BRH:5
end_of_record
TN:
SF:src/services/SettingsService.ts
FN:12,SettingsService
FN:18,Object.<anonymous>.SettingsService.create
FN:22,Object.<anonymous>.SettingsService.findByUserName
FN:26,Object.<anonymous>.SettingsService.update
FNF:4
FNH:2
FNDA:1,SettingsService
FNDA:1,Object.<anonymous>.SettingsService.create
FNDA:0,Object.<anonymous>.SettingsService.findByUserName
FNDA:0,Object.<anonymous>.SettingsService.update
DA:1,1
DA:2,1
DA:3,1
DA:4,1
DA:5,1
DA:6,1
DA:7,1
DA:8,1
DA:9,1
DA:10,1
DA:11,1
DA:12,1
DA:13,1
DA:14,1
DA:15,1
DA:16,1
DA:17,1
DA:18,1
DA:19,1
DA:20,1
DA:21,1
DA:22,1
DA:23,0
DA:24,0
DA:25,1
DA:26,1
DA:27,0
DA:28,0
DA:29,1
DA:30,1
DA:31,1
LF:31
LH:27
BRDA:11,0,0,1
BRDA:12,1,0,1
BRDA:18,2,0,1
BRF:3
BRH:3
end_of_record
TN:
SF:src/services/UsersService.ts
FN:1,(empty-report)
FNF:1
FNH:0
FNDA:0,(empty-report)
DA:1,0
DA:2,0
DA:3,0
DA:4,0
DA:5,0
DA:6,0
DA:7,0
DA:8,0
DA:9,0
DA:10,0
DA:11,0
DA:12,0
DA:13,0
DA:14,0
DA:15,0
DA:16,0
DA:17,0
DA:18,0
DA:19,0
DA:20,0
DA:21,0
DA:22,0
DA:23,0
DA:24,0
DA:25,0
LF:25
LH:0
BRDA:1,0,0,0
BRF:1
BRH:0
end_of_record
